Arguments: 
  /usr/local/bin/node /usr/local/Cellar/yarn/1.19.1/libexec/bin/yarn.js

PATH: 
  /usr/local/bin:/usr/bin:/bin:/usr/sbin:/sbin

Yarn version: 
  1.19.1

Node version: 
  10.17.0

Platform: 
  darwin x64

Trace: 
  Error: read ECONNRESET
      at TLSWrap.onStreamRead (internal/stream_base_commons.js:111:27)

npm manifest: 
  {
    "name": "mov-rn-assessoria-investimentos",
    "version": "0.0.1-beta1",
    "id": "mov-rn-assessoria-investimentos",
    "uid": "3cfb1f00-2af1-4bf1-b0b9-6c3b9e6e464c",
    "minNativeApiVersion": "1.1",
    "minRequiredVersion": "1.1",
    "private": true,
    "scripts": {
      "postinstall": ". scripts/post_install.sh",
      "start": "node node_modules/react-native/local-cli/cli.js start --reset-cache",
      "eslint": "eslint .",
      "test:onpush": "jest --coverage --verbose",
      "test:debug": "node --inspect-brk node_modules/.bin/jest --runInBand",
      "test": "jest --watch --coverage --verbose --onlyChanged"
    },
    "files": [
      "/package.json",
      "/index.js",
      "/app"
    ],
    "dependencies": {
      "d3-scale": "^2.1.2",
      "d3-shape": "^1.2.2",
      "lottie-react-native": "2.3.2",
      "manuh": "1.0.0",
      "moment": "^2.22.2",
      "mov-react-native": "1.2.6",
      "mov-react-native-analytics": "1.1.0",
      "mov-react-native-connector": "1.0.2",
      "mov-react-native-exception-plugin": "0.0.1",
      "mov-react-native-ui": "^1.10.2",
      "native-base": "2.3.9",
      "patch-package": "^6.1.2",
      "postinstall-postinstall": "^2.0.0",
      "prop-types": "^15.6.0",
      "react": "16.8.3",
      "react-dom": "^16.5.2",
      "react-native": "0.59.10",
      "react-native-camera": "1.0.2",
      "react-native-collapsible": "0.9.0",
      "react-native-drawer-layout": "1.3.1",
      "react-native-drawer-layout-polyfill": "1.3.1",
      "react-native-fbsdk": "0.7.0",
      "react-native-fetch-blob": "^0.10.8",
      "react-native-fingerprint-android": "0.1.6",
      "react-native-gesture-handler": "^1.0.12",
      "react-native-orientation": "3.0.0",
      "react-native-smart-touch-id": "1.1.1",
      "react-native-snap-carousel": "^3.7.4",
      "react-native-sortable-list": "0.0.21",
      "react-native-sortable-listview": "0.2.8",
      "react-native-swipe-list-view": "1.1.1",
      "react-native-swipeable": "0.6.0",
      "react-native-swiper": "1.5.10",
      "react-navigation": "1.5.9",
      "rhelena": "0.1.11",
      "uglify-es": "3.2.2",
      "uuid": "3.1.0"
    },
    "devDependencies": {
      "@babel/core": "^7.5.5",
      "@babel/runtime": "^7.5.5",
      "@react-native-community/eslint-config": "^0.0.5",
      "babel-jest": "^24.8.0",
      "enzyme": "^3.6.0",
      "enzyme-adapter-react-16": "^1.5.0",
      "eslint": "^6.1.0",
      "eslint-plugin-bb-mov": ">=0.0.6",
      "git-guppy": "2.1.0",
      "gulp": "3.9.1",
      "gulp-eslint": "4.0.0",
      "gulp-prettier-plugin": "1.0.0",
      "guppy-pre-commit": "0.4.0",
      "husky": "^1.0.0-rc.14",
      "jest": "^24.8.0",
      "jest-fetch-mock": "^2.1.2",
      "lint-staged": "^7.2.2",
      "metro-react-native-babel-preset": "^0.55.0",
      "prettier": "^1.14.2",
      "react-dom": "^16.5.2",
      "react-test-renderer": "16.8.6"
    },
    "peerDependencies": {
      "native-base": ">=2.7.0",
      "react": ">=16.8.6",
      "react-native": ">=0.59.8"
    },
    "jest": {
      "preset": "react-native",
      "testEnvironment": "node",
      "transformIgnorePatterns": [
        "!node_modules(.+)*"
      ],
      "automock": false,
      "bail": true,
      "verbose": true,
      "coverageThreshold": {
        "global": {
          "statements": 0,
          "branches": 0,
          "lines": 0,
          "functions": 0
        }
      },
      "collectCoverageFrom": [
        "app/**/*.{js,jsx}"
      ],
      "coverageDirectory": "./__tests__/config/coverage",
      "cacheDirectory": "./__tests__/config/cache",
      "testPathIgnorePatterns": [
        "/__tests__/config",
        "/__tests__/config/*",
        "/__tests__/__mocks__",
        "node_modules",
        ".history"
      ],
      "transform": {
        "^.+\\.test.js$": "babel-jest",
        "^.+\\.jsx$": "babel-jest",
        "^.+\\.js$": "babel-jest"
      },
      "moduleNameMapper": {
        "\\.(jpg|jpeg|png|gif|eot|otf|webp|svg|ttf|woff|woff2|mp4|webm|wav|mp3|m4a|aac|oga)$": "<rootDir>/__tests__/config/assetsTransformer.js",
        "\\.(css|less)$": "<rootDir>/__tests__/config/assetsTransformer.js"
      },
      "setupFiles": [
        "./__tests__/config/setup.js"
      ],
      "setupTestFrameworkScriptFile": "./__tests__/config/setup.js"
    },
    "husky": {
      "hooks": {
        "pre-commit": "lint-staged"
      }
    },
    "lint-staged": {
      "*.js": [
        "eslint --fix",
        "./node_modules/prettier/bin-prettier.js --write",
        "git add"
      ],
      "*.{json,css,md}": [
        "./node_modules/prettier/bin-prettier.js --write",
        "git add"
      ]
    },
    "prettier": {
      "printWidth": 180,
      "trailingComma": "all",
      "singleQuote": true
    }
  }

yarn manifest: 
  No manifest

Lockfile: 
  No lockfile
